<?xml version="1.0" encoding="UTF-8"?>
<testsuite xmlns:xsi="http://www.w3.org/2001/XMLSchema-instance" xsi:noNamespaceSchemaLocation="https://maven.apache.org/surefire/maven-surefire-plugin/xsd/surefire-test-report.xsd" name="com.linyuegx.blog_demo.BlogDemoApplicationTests" time="7.22" tests="1" errors="0" skipped="0" failures="0">
  <properties>
    <property name="sun.desktop" value="windows"/>
    <property name="awt.toolkit" value="sun.awt.windows.WToolkit"/>
    <property name="file.encoding.pkg" value="sun.io"/>
    <property name="java.specification.version" value="1.8"/>
    <property name="sun.cpu.isalist" value="amd64"/>
    <property name="sun.jnu.encoding" value="GBK"/>
    <property name="java.class.path" value="C:\Users\lin\Desktop\blog_demo\target\test-classes;C:\Users\lin\Desktop\blog_demo\target\classes;D:\mymaven\org\springframework\boot\spring-boot-starter-jdbc\2.5.6\spring-boot-starter-jdbc-2.5.6.jar;D:\mymaven\org\springframework\boot\spring-boot-starter\2.5.6\spring-boot-starter-2.5.6.jar;D:\mymaven\org\springframework\boot\spring-boot-starter-logging\2.5.6\spring-boot-starter-logging-2.5.6.jar;D:\mymaven\ch\qos\logback\logback-classic\1.2.6\logback-classic-1.2.6.jar;D:\mymaven\ch\qos\logback\logback-core\1.2.6\logback-core-1.2.6.jar;D:\mymaven\org\apache\logging\log4j\log4j-to-slf4j\2.14.1\log4j-to-slf4j-2.14.1.jar;D:\mymaven\org\apache\logging\log4j\log4j-api\2.14.1\log4j-api-2.14.1.jar;D:\mymaven\org\slf4j\jul-to-slf4j\1.7.32\jul-to-slf4j-1.7.32.jar;D:\mymaven\jakarta\annotation\jakarta.annotation-api\1.3.5\jakarta.annotation-api-1.3.5.jar;D:\mymaven\org\yaml\snakeyaml\1.28\snakeyaml-1.28.jar;D:\mymaven\com\zaxxer\HikariCP\4.0.3\HikariCP-4.0.3.jar;D:\mymaven\org\slf4j\slf4j-api\1.7.32\slf4j-api-1.7.32.jar;D:\mymaven\org\springframework\spring-jdbc\5.3.12\spring-jdbc-5.3.12.jar;D:\mymaven\org\springframework\spring-beans\5.3.12\spring-beans-5.3.12.jar;D:\mymaven\org\springframework\spring-tx\5.3.12\spring-tx-5.3.12.jar;D:\mymaven\org\springframework\boot\spring-boot-starter-thymeleaf\2.5.6\spring-boot-starter-thymeleaf-2.5.6.jar;D:\mymaven\org\thymeleaf\thymeleaf-spring5\3.0.11.RELEASE\thymeleaf-spring5-3.0.11.RELEASE.jar;D:\mymaven\org\thymeleaf\thymeleaf\3.0.11.RELEASE\thymeleaf-3.0.11.RELEASE.jar;D:\mymaven\org\attoparser\attoparser\2.0.5.RELEASE\attoparser-2.0.5.RELEASE.jar;D:\mymaven\org\unbescape\unbescape\1.1.6.RELEASE\unbescape-1.1.6.RELEASE.jar;D:\mymaven\org\thymeleaf\extras\thymeleaf-extras-java8time\3.0.4.RELEASE\thymeleaf-extras-java8time-3.0.4.RELEASE.jar;D:\mymaven\org\springframework\boot\spring-boot-starter-web\2.5.6\spring-boot-starter-web-2.5.6.jar;D:\mymaven\org\springframework\boot\spring-boot-starter-json\2.5.6\spring-boot-starter-json-2.5.6.jar;D:\mymaven\com\fasterxml\jackson\core\jackson-databind\2.12.5\jackson-databind-2.12.5.jar;D:\mymaven\com\fasterxml\jackson\core\jackson-annotations\2.12.5\jackson-annotations-2.12.5.jar;D:\mymaven\com\fasterxml\jackson\core\jackson-core\2.12.5\jackson-core-2.12.5.jar;D:\mymaven\com\fasterxml\jackson\datatype\jackson-datatype-jdk8\2.12.5\jackson-datatype-jdk8-2.12.5.jar;D:\mymaven\com\fasterxml\jackson\datatype\jackson-datatype-jsr310\2.12.5\jackson-datatype-jsr310-2.12.5.jar;D:\mymaven\com\fasterxml\jackson\module\jackson-module-parameter-names\2.12.5\jackson-module-parameter-names-2.12.5.jar;D:\mymaven\org\springframework\boot\spring-boot-starter-tomcat\2.5.6\spring-boot-starter-tomcat-2.5.6.jar;D:\mymaven\org\apache\tomcat\embed\tomcat-embed-core\9.0.54\tomcat-embed-core-9.0.54.jar;D:\mymaven\org\apache\tomcat\embed\tomcat-embed-el\9.0.54\tomcat-embed-el-9.0.54.jar;D:\mymaven\org\apache\tomcat\embed\tomcat-embed-websocket\9.0.54\tomcat-embed-websocket-9.0.54.jar;D:\mymaven\org\springframework\spring-web\5.3.12\spring-web-5.3.12.jar;D:\mymaven\org\springframework\spring-webmvc\5.3.12\spring-webmvc-5.3.12.jar;D:\mymaven\org\springframework\spring-context\5.3.12\spring-context-5.3.12.jar;D:\mymaven\org\springframework\spring-expression\5.3.12\spring-expression-5.3.12.jar;D:\mymaven\org\springframework\boot\spring-boot-devtools\2.5.6\spring-boot-devtools-2.5.6.jar;D:\mymaven\org\springframework\boot\spring-boot\2.5.6\spring-boot-2.5.6.jar;D:\mymaven\org\springframework\boot\spring-boot-autoconfigure\2.5.6\spring-boot-autoconfigure-2.5.6.jar;D:\mymaven\mysql\mysql-connector-java\8.0.27\mysql-connector-java-8.0.27.jar;D:\mymaven\org\springframework\boot\spring-boot-starter-test\2.5.6\spring-boot-starter-test-2.5.6.jar;D:\mymaven\org\springframework\boot\spring-boot-test\2.5.6\spring-boot-test-2.5.6.jar;D:\mymaven\org\springframework\boot\spring-boot-test-autoconfigure\2.5.6\spring-boot-test-autoconfigure-2.5.6.jar;D:\mymaven\com\jayway\jsonpath\json-path\2.5.0\json-path-2.5.0.jar;D:\mymaven\net\minidev\json-smart\2.4.7\json-smart-2.4.7.jar;D:\mymaven\net\minidev\accessors-smart\2.4.7\accessors-smart-2.4.7.jar;D:\mymaven\org\ow2\asm\asm\9.1\asm-9.1.jar;D:\mymaven\jakarta\xml\bind\jakarta.xml.bind-api\2.3.3\jakarta.xml.bind-api-2.3.3.jar;D:\mymaven\jakarta\activation\jakarta.activation-api\1.2.2\jakarta.activation-api-1.2.2.jar;D:\mymaven\org\assertj\assertj-core\3.19.0\assertj-core-3.19.0.jar;D:\mymaven\org\hamcrest\hamcrest\2.2\hamcrest-2.2.jar;D:\mymaven\org\junit\jupiter\junit-jupiter\5.7.2\junit-jupiter-5.7.2.jar;D:\mymaven\org\junit\jupiter\junit-jupiter-api\5.7.2\junit-jupiter-api-5.7.2.jar;D:\mymaven\org\apiguardian\apiguardian-api\1.1.0\apiguardian-api-1.1.0.jar;D:\mymaven\org\opentest4j\opentest4j\1.2.0\opentest4j-1.2.0.jar;D:\mymaven\org\junit\platform\junit-platform-commons\1.7.2\junit-platform-commons-1.7.2.jar;D:\mymaven\org\junit\jupiter\junit-jupiter-params\5.7.2\junit-jupiter-params-5.7.2.jar;D:\mymaven\org\junit\jupiter\junit-jupiter-engine\5.7.2\junit-jupiter-engine-5.7.2.jar;D:\mymaven\org\junit\platform\junit-platform-engine\1.7.2\junit-platform-engine-1.7.2.jar;D:\mymaven\org\mockito\mockito-core\3.9.0\mockito-core-3.9.0.jar;D:\mymaven\net\bytebuddy\byte-buddy\1.10.22\byte-buddy-1.10.22.jar;D:\mymaven\net\bytebuddy\byte-buddy-agent\1.10.22\byte-buddy-agent-1.10.22.jar;D:\mymaven\org\objenesis\objenesis\3.2\objenesis-3.2.jar;D:\mymaven\org\mockito\mockito-junit-jupiter\3.9.0\mockito-junit-jupiter-3.9.0.jar;D:\mymaven\org\skyscreamer\jsonassert\1.5.0\jsonassert-1.5.0.jar;D:\mymaven\com\vaadin\external\google\android-json\0.0.20131108.vaadin1\android-json-0.0.20131108.vaadin1.jar;D:\mymaven\org\springframework\spring-core\5.3.12\spring-core-5.3.12.jar;D:\mymaven\org\springframework\spring-jcl\5.3.12\spring-jcl-5.3.12.jar;D:\mymaven\org\springframework\spring-test\5.3.12\spring-test-5.3.12.jar;D:\mymaven\org\xmlunit\xmlunit-core\2.8.3\xmlunit-core-2.8.3.jar;D:\mymaven\org\springframework\boot\spring-boot-starter-aop\2.5.6\spring-boot-starter-aop-2.5.6.jar;D:\mymaven\org\springframework\spring-aop\5.3.12\spring-aop-5.3.12.jar;D:\mymaven\org\aspectj\aspectjweaver\1.7.4\aspectjweaver-1.7.4.jar;D:\mymaven\org\springframework\boot\spring-boot-starter-data-jpa\2.5.6\spring-boot-starter-data-jpa-2.5.6.jar;D:\mymaven\jakarta\transaction\jakarta.transaction-api\1.3.3\jakarta.transaction-api-1.3.3.jar;D:\mymaven\jakarta\persistence\jakarta.persistence-api\2.2.3\jakarta.persistence-api-2.2.3.jar;D:\mymaven\org\hibernate\hibernate-core\5.4.32.Final\hibernate-core-5.4.32.Final.jar;D:\mymaven\org\javassist\javassist\3.27.0-GA\javassist-3.27.0-GA.jar;D:\mymaven\antlr\antlr\2.7.7\antlr-2.7.7.jar;D:\mymaven\org\jboss\jandex\2.2.3.Final\jandex-2.2.3.Final.jar;D:\mymaven\org\dom4j\dom4j\2.1.3\dom4j-2.1.3.jar;D:\mymaven\org\hibernate\common\hibernate-commons-annotations\5.1.2.Final\hibernate-commons-annotations-5.1.2.Final.jar;D:\mymaven\org\glassfish\jaxb\jaxb-runtime\2.3.5\jaxb-runtime-2.3.5.jar;D:\mymaven\org\glassfish\jaxb\txw2\2.3.5\txw2-2.3.5.jar;D:\mymaven\com\sun\istack\istack-commons-runtime\3.0.12\istack-commons-runtime-3.0.12.jar;D:\mymaven\com\sun\activation\jakarta.activation\1.2.2\jakarta.activation-1.2.2.jar;D:\mymaven\org\springframework\data\spring-data-jpa\2.5.6\spring-data-jpa-2.5.6.jar;D:\mymaven\org\springframework\data\spring-data-commons\2.5.6\spring-data-commons-2.5.6.jar;D:\mymaven\org\springframework\spring-orm\5.3.12\spring-orm-5.3.12.jar;D:\mymaven\org\springframework\spring-aspects\5.3.12\spring-aspects-5.3.12.jar;D:\mymaven\org\hibernate\validator\hibernate-validator\6.1.0.Final\hibernate-validator-6.1.0.Final.jar;D:\mymaven\jakarta\validation\jakarta.validation-api\2.0.2\jakarta.validation-api-2.0.2.jar;D:\mymaven\org\jboss\logging\jboss-logging\3.4.2.Final\jboss-logging-3.4.2.Final.jar;D:\mymaven\com\fasterxml\classmate\1.5.1\classmate-1.5.1.jar;D:\mymaven\com\atlassian\commonmark\commonmark\0.10.0\commonmark-0.10.0.jar;D:\mymaven\com\atlassian\commonmark\commonmark-ext-heading-anchor\0.10.0\commonmark-ext-heading-anchor-0.10.0.jar;D:\mymaven\com\atlassian\commonmark\commonmark-ext-gfm-tables\0.10.0\commonmark-ext-gfm-tables-0.10.0.jar;"/>
    <property name="java.vm.vendor" value="Oracle Corporation"/>
    <property name="sun.arch.data.model" value="64"/>
    <property name="user.variant" value=""/>
    <property name="java.vendor.url" value="http://java.oracle.com/"/>
    <property name="user.timezone" value="Asia/Shanghai"/>
    <property name="java.vm.specification.version" value="1.8"/>
    <property name="os.name" value="Windows 10"/>
    <property name="user.country" value="CN"/>
    <property name="sun.java.launcher" value="SUN_STANDARD"/>
    <property name="sun.boot.library.path" value="C:\Program Files\Java\jdk1.8.0_131\jre\bin"/>
    <property name="sun.java.command" value="C:\Users\lin\AppData\Local\Temp\surefire8282944837469411297\surefirebooter1703812850901135426.jar C:\Users\lin\AppData\Local\Temp\surefire8282944837469411297 2021-11-02T02-26-39_891-jvmRun1 surefire83651354918439579tmp surefire_05394517734055240792tmp"/>
    <property name="surefire.test.class.path" value="C:\Users\lin\Desktop\blog_demo\target\test-classes;C:\Users\lin\Desktop\blog_demo\target\classes;D:\mymaven\org\springframework\boot\spring-boot-starter-jdbc\2.5.6\spring-boot-starter-jdbc-2.5.6.jar;D:\mymaven\org\springframework\boot\spring-boot-starter\2.5.6\spring-boot-starter-2.5.6.jar;D:\mymaven\org\springframework\boot\spring-boot-starter-logging\2.5.6\spring-boot-starter-logging-2.5.6.jar;D:\mymaven\ch\qos\logback\logback-classic\1.2.6\logback-classic-1.2.6.jar;D:\mymaven\ch\qos\logback\logback-core\1.2.6\logback-core-1.2.6.jar;D:\mymaven\org\apache\logging\log4j\log4j-to-slf4j\2.14.1\log4j-to-slf4j-2.14.1.jar;D:\mymaven\org\apache\logging\log4j\log4j-api\2.14.1\log4j-api-2.14.1.jar;D:\mymaven\org\slf4j\jul-to-slf4j\1.7.32\jul-to-slf4j-1.7.32.jar;D:\mymaven\jakarta\annotation\jakarta.annotation-api\1.3.5\jakarta.annotation-api-1.3.5.jar;D:\mymaven\org\yaml\snakeyaml\1.28\snakeyaml-1.28.jar;D:\mymaven\com\zaxxer\HikariCP\4.0.3\HikariCP-4.0.3.jar;D:\mymaven\org\slf4j\slf4j-api\1.7.32\slf4j-api-1.7.32.jar;D:\mymaven\org\springframework\spring-jdbc\5.3.12\spring-jdbc-5.3.12.jar;D:\mymaven\org\springframework\spring-beans\5.3.12\spring-beans-5.3.12.jar;D:\mymaven\org\springframework\spring-tx\5.3.12\spring-tx-5.3.12.jar;D:\mymaven\org\springframework\boot\spring-boot-starter-thymeleaf\2.5.6\spring-boot-starter-thymeleaf-2.5.6.jar;D:\mymaven\org\thymeleaf\thymeleaf-spring5\3.0.11.RELEASE\thymeleaf-spring5-3.0.11.RELEASE.jar;D:\mymaven\org\thymeleaf\thymeleaf\3.0.11.RELEASE\thymeleaf-3.0.11.RELEASE.jar;D:\mymaven\org\attoparser\attoparser\2.0.5.RELEASE\attoparser-2.0.5.RELEASE.jar;D:\mymaven\org\unbescape\unbescape\1.1.6.RELEASE\unbescape-1.1.6.RELEASE.jar;D:\mymaven\org\thymeleaf\extras\thymeleaf-extras-java8time\3.0.4.RELEASE\thymeleaf-extras-java8time-3.0.4.RELEASE.jar;D:\mymaven\org\springframework\boot\spring-boot-starter-web\2.5.6\spring-boot-starter-web-2.5.6.jar;D:\mymaven\org\springframework\boot\spring-boot-starter-json\2.5.6\spring-boot-starter-json-2.5.6.jar;D:\mymaven\com\fasterxml\jackson\core\jackson-databind\2.12.5\jackson-databind-2.12.5.jar;D:\mymaven\com\fasterxml\jackson\core\jackson-annotations\2.12.5\jackson-annotations-2.12.5.jar;D:\mymaven\com\fasterxml\jackson\core\jackson-core\2.12.5\jackson-core-2.12.5.jar;D:\mymaven\com\fasterxml\jackson\datatype\jackson-datatype-jdk8\2.12.5\jackson-datatype-jdk8-2.12.5.jar;D:\mymaven\com\fasterxml\jackson\datatype\jackson-datatype-jsr310\2.12.5\jackson-datatype-jsr310-2.12.5.jar;D:\mymaven\com\fasterxml\jackson\module\jackson-module-parameter-names\2.12.5\jackson-module-parameter-names-2.12.5.jar;D:\mymaven\org\springframework\boot\spring-boot-starter-tomcat\2.5.6\spring-boot-starter-tomcat-2.5.6.jar;D:\mymaven\org\apache\tomcat\embed\tomcat-embed-core\9.0.54\tomcat-embed-core-9.0.54.jar;D:\mymaven\org\apache\tomcat\embed\tomcat-embed-el\9.0.54\tomcat-embed-el-9.0.54.jar;D:\mymaven\org\apache\tomcat\embed\tomcat-embed-websocket\9.0.54\tomcat-embed-websocket-9.0.54.jar;D:\mymaven\org\springframework\spring-web\5.3.12\spring-web-5.3.12.jar;D:\mymaven\org\springframework\spring-webmvc\5.3.12\spring-webmvc-5.3.12.jar;D:\mymaven\org\springframework\spring-context\5.3.12\spring-context-5.3.12.jar;D:\mymaven\org\springframework\spring-expression\5.3.12\spring-expression-5.3.12.jar;D:\mymaven\org\springframework\boot\spring-boot-devtools\2.5.6\spring-boot-devtools-2.5.6.jar;D:\mymaven\org\springframework\boot\spring-boot\2.5.6\spring-boot-2.5.6.jar;D:\mymaven\org\springframework\boot\spring-boot-autoconfigure\2.5.6\spring-boot-autoconfigure-2.5.6.jar;D:\mymaven\mysql\mysql-connector-java\8.0.27\mysql-connector-java-8.0.27.jar;D:\mymaven\org\springframework\boot\spring-boot-starter-test\2.5.6\spring-boot-starter-test-2.5.6.jar;D:\mymaven\org\springframework\boot\spring-boot-test\2.5.6\spring-boot-test-2.5.6.jar;D:\mymaven\org\springframework\boot\spring-boot-test-autoconfigure\2.5.6\spring-boot-test-autoconfigure-2.5.6.jar;D:\mymaven\com\jayway\jsonpath\json-path\2.5.0\json-path-2.5.0.jar;D:\mymaven\net\minidev\json-smart\2.4.7\json-smart-2.4.7.jar;D:\mymaven\net\minidev\accessors-smart\2.4.7\accessors-smart-2.4.7.jar;D:\mymaven\org\ow2\asm\asm\9.1\asm-9.1.jar;D:\mymaven\jakarta\xml\bind\jakarta.xml.bind-api\2.3.3\jakarta.xml.bind-api-2.3.3.jar;D:\mymaven\jakarta\activation\jakarta.activation-api\1.2.2\jakarta.activation-api-1.2.2.jar;D:\mymaven\org\assertj\assertj-core\3.19.0\assertj-core-3.19.0.jar;D:\mymaven\org\hamcrest\hamcrest\2.2\hamcrest-2.2.jar;D:\mymaven\org\junit\jupiter\junit-jupiter\5.7.2\junit-jupiter-5.7.2.jar;D:\mymaven\org\junit\jupiter\junit-jupiter-api\5.7.2\junit-jupiter-api-5.7.2.jar;D:\mymaven\org\apiguardian\apiguardian-api\1.1.0\apiguardian-api-1.1.0.jar;D:\mymaven\org\opentest4j\opentest4j\1.2.0\opentest4j-1.2.0.jar;D:\mymaven\org\junit\platform\junit-platform-commons\1.7.2\junit-platform-commons-1.7.2.jar;D:\mymaven\org\junit\jupiter\junit-jupiter-params\5.7.2\junit-jupiter-params-5.7.2.jar;D:\mymaven\org\junit\jupiter\junit-jupiter-engine\5.7.2\junit-jupiter-engine-5.7.2.jar;D:\mymaven\org\junit\platform\junit-platform-engine\1.7.2\junit-platform-engine-1.7.2.jar;D:\mymaven\org\mockito\mockito-core\3.9.0\mockito-core-3.9.0.jar;D:\mymaven\net\bytebuddy\byte-buddy\1.10.22\byte-buddy-1.10.22.jar;D:\mymaven\net\bytebuddy\byte-buddy-agent\1.10.22\byte-buddy-agent-1.10.22.jar;D:\mymaven\org\objenesis\objenesis\3.2\objenesis-3.2.jar;D:\mymaven\org\mockito\mockito-junit-jupiter\3.9.0\mockito-junit-jupiter-3.9.0.jar;D:\mymaven\org\skyscreamer\jsonassert\1.5.0\jsonassert-1.5.0.jar;D:\mymaven\com\vaadin\external\google\android-json\0.0.20131108.vaadin1\android-json-0.0.20131108.vaadin1.jar;D:\mymaven\org\springframework\spring-core\5.3.12\spring-core-5.3.12.jar;D:\mymaven\org\springframework\spring-jcl\5.3.12\spring-jcl-5.3.12.jar;D:\mymaven\org\springframework\spring-test\5.3.12\spring-test-5.3.12.jar;D:\mymaven\org\xmlunit\xmlunit-core\2.8.3\xmlunit-core-2.8.3.jar;D:\mymaven\org\springframework\boot\spring-boot-starter-aop\2.5.6\spring-boot-starter-aop-2.5.6.jar;D:\mymaven\org\springframework\spring-aop\5.3.12\spring-aop-5.3.12.jar;D:\mymaven\org\aspectj\aspectjweaver\1.7.4\aspectjweaver-1.7.4.jar;D:\mymaven\org\springframework\boot\spring-boot-starter-data-jpa\2.5.6\spring-boot-starter-data-jpa-2.5.6.jar;D:\mymaven\jakarta\transaction\jakarta.transaction-api\1.3.3\jakarta.transaction-api-1.3.3.jar;D:\mymaven\jakarta\persistence\jakarta.persistence-api\2.2.3\jakarta.persistence-api-2.2.3.jar;D:\mymaven\org\hibernate\hibernate-core\5.4.32.Final\hibernate-core-5.4.32.Final.jar;D:\mymaven\org\javassist\javassist\3.27.0-GA\javassist-3.27.0-GA.jar;D:\mymaven\antlr\antlr\2.7.7\antlr-2.7.7.jar;D:\mymaven\org\jboss\jandex\2.2.3.Final\jandex-2.2.3.Final.jar;D:\mymaven\org\dom4j\dom4j\2.1.3\dom4j-2.1.3.jar;D:\mymaven\org\hibernate\common\hibernate-commons-annotations\5.1.2.Final\hibernate-commons-annotations-5.1.2.Final.jar;D:\mymaven\org\glassfish\jaxb\jaxb-runtime\2.3.5\jaxb-runtime-2.3.5.jar;D:\mymaven\org\glassfish\jaxb\txw2\2.3.5\txw2-2.3.5.jar;D:\mymaven\com\sun\istack\istack-commons-runtime\3.0.12\istack-commons-runtime-3.0.12.jar;D:\mymaven\com\sun\activation\jakarta.activation\1.2.2\jakarta.activation-1.2.2.jar;D:\mymaven\org\springframework\data\spring-data-jpa\2.5.6\spring-data-jpa-2.5.6.jar;D:\mymaven\org\springframework\data\spring-data-commons\2.5.6\spring-data-commons-2.5.6.jar;D:\mymaven\org\springframework\spring-orm\5.3.12\spring-orm-5.3.12.jar;D:\mymaven\org\springframework\spring-aspects\5.3.12\spring-aspects-5.3.12.jar;D:\mymaven\org\hibernate\validator\hibernate-validator\6.1.0.Final\hibernate-validator-6.1.0.Final.jar;D:\mymaven\jakarta\validation\jakarta.validation-api\2.0.2\jakarta.validation-api-2.0.2.jar;D:\mymaven\org\jboss\logging\jboss-logging\3.4.2.Final\jboss-logging-3.4.2.Final.jar;D:\mymaven\com\fasterxml\classmate\1.5.1\classmate-1.5.1.jar;D:\mymaven\com\atlassian\commonmark\commonmark\0.10.0\commonmark-0.10.0.jar;D:\mymaven\com\atlassian\commonmark\commonmark-ext-heading-anchor\0.10.0\commonmark-ext-heading-anchor-0.10.0.jar;D:\mymaven\com\atlassian\commonmark\commonmark-ext-gfm-tables\0.10.0\commonmark-ext-gfm-tables-0.10.0.jar;"/>
    <property name="sun.cpu.endian" value="little"/>
    <property name="user.home" value="C:\Users\lin"/>
    <property name="user.language" value="zh"/>
    <property name="java.specification.vendor" value="Oracle Corporation"/>
    <property name="java.home" value="C:\Program Files\Java\jdk1.8.0_131\jre"/>
    <property name="basedir" value="C:\Users\lin\Desktop\blog_demo"/>
    <property name="file.separator" value="\"/>
    <property name="line.separator" value="&#10;"/>
    <property name="java.vm.specification.vendor" value="Oracle Corporation"/>
    <property name="java.specification.name" value="Java Platform API Specification"/>
    <property name="java.awt.graphicsenv" value="sun.awt.Win32GraphicsEnvironment"/>
    <property name="surefire.real.class.path" value="C:\Users\lin\AppData\Local\Temp\surefire8282944837469411297\surefirebooter1703812850901135426.jar"/>
    <property name="sun.boot.class.path" value="C:\Program Files\Java\jdk1.8.0_131\jre\lib\resources.jar;C:\Program Files\Java\jdk1.8.0_131\jre\lib\rt.jar;C:\Program Files\Java\jdk1.8.0_131\jre\lib\sunrsasign.jar;C:\Program Files\Java\jdk1.8.0_131\jre\lib\jsse.jar;C:\Program Files\Java\jdk1.8.0_131\jre\lib\jce.jar;C:\Program Files\Java\jdk1.8.0_131\jre\lib\charsets.jar;C:\Program Files\Java\jdk1.8.0_131\jre\lib\jfr.jar;C:\Program Files\Java\jdk1.8.0_131\jre\classes"/>
    <property name="user.script" value=""/>
    <property name="sun.management.compiler" value="HotSpot 64-Bit Tiered Compilers"/>
    <property name="java.runtime.version" value="1.8.0_131-b11"/>
    <property name="user.name" value="lin"/>
    <property name="path.separator" value=";"/>
    <property name="os.version" value="10.0"/>
    <property name="java.endorsed.dirs" value="C:\Program Files\Java\jdk1.8.0_131\jre\lib\endorsed"/>
    <property name="java.runtime.name" value="Java(TM) SE Runtime Environment"/>
    <property name="file.encoding" value="GBK"/>
    <property name="java.vm.name" value="Java HotSpot(TM) 64-Bit Server VM"/>
    <property name="idea.version2020.1" value="true"/>
    <property name="localRepository" value="D:\mymaven"/>
    <property name="java.vendor.url.bug" value="http://bugreport.sun.com/bugreport/"/>
    <property name="java.io.tmpdir" value="C:\Users\lin\AppData\Local\Temp\"/>
    <property name="java.version" value="1.8.0_131"/>
    <property name="user.dir" value="C:\Users\lin\Desktop\blog_demo"/>
    <property name="os.arch" value="amd64"/>
    <property name="java.vm.specification.name" value="Java Virtual Machine Specification"/>
    <property name="java.awt.printerjob" value="sun.awt.windows.WPrinterJob"/>
    <property name="sun.os.patch.level" value=""/>
    <property name="java.library.path" value="C:\Program Files\Java\jdk1.8.0_131\jre\bin;C:\WINDOWS\Sun\Java\bin;C:\WINDOWS\system32;C:\WINDOWS;C:\ProgramData\Oracle\Java\javapath;C:\WINDOWS\system32;C:\WINDOWS;C:\WINDOWS\System32\Wbem;C:\WINDOWS\System32\WindowsPowerShell\v1.0\;C:\WINDOWS\System32\OpenSSH\;C:\Program Files\Java\jdk1.8.0_131\bin;C:\Program Files\MySQL\MySQL Server 8.0\bin;D:\apache-tomcat-8.5.31\bin;D:\Tesseract-OCR\tessdata;D:\apache-maven-3.8.2\bin;D:\Xshell 7\;D:\Xftp 7\;D:\Subversion\bin;D:\nodejs\;C:\Program Files\Git\cmd;C:\Users\lin\AppData\Local\Programs\Python\Python39\Scripts\;C:\Users\lin\AppData\Local\Programs\Python\Python39\;C:\Users\lin\AppData\Local\Microsoft\WindowsApps;C:\Program Files\MySQL\MySQL Server 8.0\bin;D:\Redis-x64-5.0.10;D:\mongodb\bin;;D:\Fiddler;C:\Users\lin\AppData\Roaming\npm;."/>
    <property name="java.vm.info" value="mixed mode"/>
    <property name="java.vendor" value="Oracle Corporation"/>
    <property name="java.vm.version" value="25.131-b11"/>
    <property name="java.ext.dirs" value="C:\Program Files\Java\jdk1.8.0_131\jre\lib\ext;C:\WINDOWS\Sun\Java\lib\ext"/>
    <property name="sun.io.unicode.encoding" value="UnicodeLittle"/>
    <property name="maven.repo.local" value="D:\mymaven"/>
    <property name="java.class.version" value="52.0"/>
  </properties>
  <testcase name="contextLoads" classname="com.linyuegx.blog_demo.BlogDemoApplicationTests" time="0.07"/>
</testsuite>